<?xml version="1.0" encoding="UTF-8"?>
<!-- Generated by org.testng.reporters.JUnitReportReporter -->
<testsuite skipped="0" hostname="Alexis" name="test.CLM_LoginTest" tests="1" failures="0" timestamp="04 Apr 2019 19:52:32 GMT" time="8.423" errors="0">
  <testcase name="login" time="8.423" classname="test.CLM_LoginTest"/>
</testsuite> <!-- test.CLM_LoginTest -->
