<?xml version="1.0" encoding="UTF-8"?>
<!-- Generated by org.testng.reporters.JUnitReportReporter -->
<testsuite skipped="0" hostname="Alexis" name="test.CLM_SearchCustomerTest" tests="1" failures="0" timestamp="04 Apr 2019 15:48:06 GMT" time="8.381" errors="0">
  <testcase name="searchCustomerTest" time="8.381" classname="test.CLM_SearchCustomerTest"/>
</testsuite> <!-- test.CLM_SearchCustomerTest -->
