<?xml version="1.0" encoding="UTF-8"?>
<!-- Generated by org.testng.reporters.JUnitReportReporter -->
<testsuite skipped="0" hostname="NBRW324" name="test.CLM_SearchCustomerTest" tests="1" failures="0" timestamp="04 Apr 2019 20:53:02 GMT" time="5.960" errors="0">
  <testcase name="searchCustomerTest" time="5.960" classname="test.CLM_SearchCustomerTest"/>
</testsuite> <!-- test.CLM_SearchCustomerTest -->
