<?xml version="1.0" encoding="UTF-8"?>
<!-- Generated by org.testng.reporters.JUnitReportReporter -->
<testsuite skipped="0" hostname="NBRW324" name="test.CLM_LoginTest" tests="1" failures="0" timestamp="04 Apr 2019 20:53:02 GMT" time="4.240" errors="0">
  <testcase name="login" time="4.240" classname="test.CLM_LoginTest"/>
</testsuite> <!-- test.CLM_LoginTest -->
